[2026-04-24 15:47:34] INFO: Memulai pengecekan sistem...
[2026-04-24 15:47:41] INFO: Menarik data dari GitHub...
fatal: invalid refspec 'HEAD
main'
[2026-04-24 15:47:44] INFO: Update versi ke ...
[main (root-commit) fd9b90e] Release
 1 file changed, 5 insertions(+)
 create mode 100644 git_manager.log
[2026-04-24 15:47:44] INFO: Pushing branch & tag...
fatal: invalid refspec 'HEAD
main'
fatal: '' is not a valid tag name.
fatal: invalid refspec ''
[2026-04-24 15:47:48] INFO: Update versi ke ...
[main 4800b0b] Release
 1 file changed, 9 insertions(+)
[2026-04-24 15:47:48] INFO: Pushing branch & tag...
To https://github.com/arewedaks/awd-webui.git
 ! [rejected]        main -> main (non-fast-forward)
error: failed to push some refs to 'https://github.com/arewedaks/awd-webui.git'
hint: Updates were rejected because the tip of your current branch is behind
hint: its remote counterpart. If you want to integrate the remote changes,
hint: use 'git pull' before pushing again.
hint: See the 'Note about fast-forwards' in 'git push --help' for details.
fatal: '' is not a valid tag name.
fatal: invalid refspec ''
[2026-04-24 15:47:53] INFO: Update versi ke ...
